Using 16bit Automatic Mixed Precision (AMP)
GPU available: True (cuda), used: True
TPU available: False, using: 0 TPU cores
HPU available: False, using: 0 HPUs
Initializing distributed: GLOBAL_RANK: 0, MEMBER: 1/4
----------------------------------------------------------------------------------------------------
distributed_backend=nccl
All distributed processes registered. Starting with 4 processes
----------------------------------------------------------------------------------------------------

LOCAL_RANK: 0 - CUDA_VISIBLE_DEVICES: [0,1,2,3]

  | Name  | Type   | Params | Mode 
-----------------------------------------
0 | model | ResNet | 60.2 M | train
-----------------------------------------
60.2 M    Trainable params
0         Non-trainable params
60.2 M    Total params
240.771   Total estimated model params size (MB)
423       Modules in train mode
0         Modules in eval mode
[rank0]: Traceback (most recent call last):
[rank0]:   File "/network/scratch/o/ortizgas/data/milabench/venv/torch/bin/voir", line 8, in <module>
[rank0]:     sys.exit(main())
[rank0]:   File "/network/scratch/o/ortizgas/data/milabench/venv/torch/lib/python3.10/site-packages/voir/cli.py", line 128, in main
[rank0]:     ov(sys.argv[1:] if argv is None else argv)
[rank0]:   File "/network/scratch/o/ortizgas/data/milabench/venv/torch/lib/python3.10/site-packages/voir/phase.py", line 331, in __call__
[rank0]:     self._run(*args, **kwargs)
[rank0]:   File "/network/scratch/o/ortizgas/data/milabench/venv/torch/lib/python3.10/site-packages/voir/overseer.py", line 242, in _run
[rank0]:     set_value(func())
[rank0]:   File "/network/scratch/o/ortizgas/data/milabench/venv/torch/lib/python3.10/site-packages/voir/scriptutils.py", line 37, in <lambda>
[rank0]:     return lambda: exec(mainsection, glb, glb)
[rank0]:   File "/home/mila/o/ortizgas/CODE/milabench/benchmarks/lightning/main.py", line 101, in <module>
[rank0]:     main()
[rank0]:   File "/home/mila/o/ortizgas/CODE/milabench/benchmarks/lightning/main.py", line 96, in main
[rank0]:     trainer.fit(model=model, train_dataloaders=loader)
[rank0]:   File "/network/scratch/o/ortizgas/data/milabench/venv/torch/lib/python3.10/site-packages/lightning/pytorch/trainer/trainer.py", line 538, in fit
[rank0]:     call._call_and_handle_interrupt(
[rank0]:   File "/network/scratch/o/ortizgas/data/milabench/venv/torch/lib/python3.10/site-packages/lightning/pytorch/trainer/call.py", line 46, in _call_and_handle_interrupt
[rank0]:     return trainer.strategy.launcher.launch(trainer_fn, *args, trainer=trainer, **kwargs)
[rank0]:   File "/network/scratch/o/ortizgas/data/milabench/venv/torch/lib/python3.10/site-packages/lightning/pytorch/strategies/launchers/subprocess_script.py", line 105, in launch
[rank0]:     return function(*args, **kwargs)
[rank0]:   File "/network/scratch/o/ortizgas/data/milabench/venv/torch/lib/python3.10/site-packages/lightning/pytorch/trainer/trainer.py", line 574, in _fit_impl
[rank0]:     self._run(model, ckpt_path=ckpt_path)
[rank0]:   File "/network/scratch/o/ortizgas/data/milabench/venv/torch/lib/python3.10/site-packages/lightning/pytorch/trainer/trainer.py", line 981, in _run
[rank0]:     results = self._run_stage()
[rank0]:   File "/network/scratch/o/ortizgas/data/milabench/venv/torch/lib/python3.10/site-packages/lightning/pytorch/trainer/trainer.py", line 1025, in _run_stage
[rank0]:     self.fit_loop.run()
[rank0]:   File "/network/scratch/o/ortizgas/data/milabench/venv/torch/lib/python3.10/site-packages/lightning/pytorch/loops/fit_loop.py", line 205, in run
[rank0]:     self.advance()
[rank0]:   File "/network/scratch/o/ortizgas/data/milabench/venv/torch/lib/python3.10/site-packages/lightning/pytorch/loops/fit_loop.py", line 363, in advance
[rank0]:     self.epoch_loop.run(self._data_fetcher)
[rank0]:   File "/network/scratch/o/ortizgas/data/milabench/venv/torch/lib/python3.10/site-packages/lightning/pytorch/loops/training_epoch_loop.py", line 140, in run
[rank0]:     self.advance(data_fetcher)
[rank0]:   File "/network/scratch/o/ortizgas/data/milabench/venv/torch/lib/python3.10/site-packages/lightning/pytorch/loops/training_epoch_loop.py", line 250, in advance
[rank0]:     batch_output = self.automatic_optimization.run(trainer.optimizers[0], batch_idx, kwargs)
[rank0]:   File "/network/scratch/o/ortizgas/data/milabench/venv/torch/lib/python3.10/site-packages/lightning/pytorch/loops/optimization/automatic.py", line 190, in run
[rank0]:     self._optimizer_step(batch_idx, closure)
[rank0]:   File "/network/scratch/o/ortizgas/data/milabench/venv/torch/lib/python3.10/site-packages/lightning/pytorch/loops/optimization/automatic.py", line 268, in _optimizer_step
[rank0]:     call._call_lightning_module_hook(
[rank0]:   File "/network/scratch/o/ortizgas/data/milabench/venv/torch/lib/python3.10/site-packages/lightning/pytorch/trainer/call.py", line 167, in _call_lightning_module_hook
[rank0]:     output = fn(*args, **kwargs)
[rank0]:   File "/network/scratch/o/ortizgas/data/milabench/venv/torch/lib/python3.10/site-packages/lightning/pytorch/core/module.py", line 1306, in optimizer_step
[rank0]:     optimizer.step(closure=optimizer_closure)
[rank0]:   File "/network/scratch/o/ortizgas/data/milabench/venv/torch/lib/python3.10/site-packages/lightning/pytorch/core/optimizer.py", line 153, in step
[rank0]:     step_output = self._strategy.optimizer_step(self._optimizer, closure, **kwargs)
[rank0]:   File "/network/scratch/o/ortizgas/data/milabench/venv/torch/lib/python3.10/site-packages/lightning/pytorch/strategies/ddp.py", line 270, in optimizer_step
[rank0]:     optimizer_output = super().optimizer_step(optimizer, closure, model, **kwargs)
[rank0]:   File "/network/scratch/o/ortizgas/data/milabench/venv/torch/lib/python3.10/site-packages/lightning/pytorch/strategies/strategy.py", line 238, in optimizer_step
[rank0]:     return self.precision_plugin.optimizer_step(optimizer, model=model, closure=closure, **kwargs)
[rank0]:   File "/network/scratch/o/ortizgas/data/milabench/venv/torch/lib/python3.10/site-packages/lightning/pytorch/plugins/precision/amp.py", line 78, in optimizer_step
[rank0]:     closure_result = closure()
[rank0]:   File "/network/scratch/o/ortizgas/data/milabench/venv/torch/lib/python3.10/site-packages/lightning/pytorch/loops/optimization/automatic.py", line 144, in __call__
[rank0]:     self._result = self.closure(*args, **kwargs)
[rank0]:   File "/network/scratch/o/ortizgas/data/milabench/venv/torch/lib/python3.10/site-packages/torch/utils/_contextlib.py", line 116, in decorate_context
[rank0]:     return func(*args, **kwargs)
[rank0]:   File "/network/scratch/o/ortizgas/data/milabench/venv/torch/lib/python3.10/site-packages/lightning/pytorch/loops/optimization/automatic.py", line 129, in closure
[rank0]:     step_output = self._step_fn()
[rank0]:   File "/network/scratch/o/ortizgas/data/milabench/venv/torch/lib/python3.10/site-packages/lightning/pytorch/loops/optimization/automatic.py", line 317, in _training_step
[rank0]:     training_step_output = call._call_strategy_hook(trainer, "training_step", *kwargs.values())
[rank0]:   File "/network/scratch/o/ortizgas/data/milabench/venv/torch/lib/python3.10/site-packages/lightning/pytorch/trainer/call.py", line 319, in _call_strategy_hook
[rank0]:     output = fn(*args, **kwargs)
[rank0]:   File "/network/scratch/o/ortizgas/data/milabench/venv/torch/lib/python3.10/site-packages/lightning/pytorch/strategies/strategy.py", line 389, in training_step
[rank0]:     return self._forward_redirection(self.model, self.lightning_module, "training_step", *args, **kwargs)
[rank0]:   File "/network/scratch/o/ortizgas/data/milabench/venv/torch/lib/python3.10/site-packages/lightning/pytorch/strategies/strategy.py", line 640, in __call__
[rank0]:     wrapper_output = wrapper_module(*args, **kwargs)
[rank0]:   File "/network/scratch/o/ortizgas/data/milabench/venv/torch/lib/python3.10/site-packages/torch/nn/modules/module.py", line 1553, in _wrapped_call_impl
[rank0]:     return self._call_impl(*args, **kwargs)
[rank0]:   File "/network/scratch/o/ortizgas/data/milabench/venv/torch/lib/python3.10/site-packages/torch/nn/modules/module.py", line 1562, in _call_impl
[rank0]:     return forward_call(*args, **kwargs)
[rank0]:   File "/network/scratch/o/ortizgas/data/milabench/venv/torch/lib/python3.10/site-packages/torch/nn/parallel/distributed.py", line 1636, in forward
[rank0]:     else self._run_ddp_forward(*inputs, **kwargs)
[rank0]:   File "/network/scratch/o/ortizgas/data/milabench/venv/torch/lib/python3.10/site-packages/torch/nn/parallel/distributed.py", line 1454, in _run_ddp_forward
[rank0]:     return self.module(*inputs, **kwargs)  # type: ignore[index]
[rank0]:   File "/network/scratch/o/ortizgas/data/milabench/venv/torch/lib/python3.10/site-packages/torch/nn/modules/module.py", line 1553, in _wrapped_call_impl
[rank0]:     return self._call_impl(*args, **kwargs)
[rank0]:   File "/network/scratch/o/ortizgas/data/milabench/venv/torch/lib/python3.10/site-packages/torch/nn/modules/module.py", line 1562, in _call_impl
[rank0]:     return forward_call(*args, **kwargs)
[rank0]:   File "/network/scratch/o/ortizgas/data/milabench/venv/torch/lib/python3.10/site-packages/lightning/pytorch/strategies/strategy.py", line 633, in wrapped_forward
[rank0]:     out = method(*_args, **_kwargs)
[rank0]:   File "/home/mila/o/ortizgas/CODE/milabench/benchmarks/lightning/main.py", line 27, in training_step
[rank0]:     p = self.model(x)
[rank0]:   File "/network/scratch/o/ortizgas/data/milabench/venv/torch/lib/python3.10/site-packages/torch/nn/modules/module.py", line 1553, in _wrapped_call_impl
[rank0]:     return self._call_impl(*args, **kwargs)
[rank0]:   File "/network/scratch/o/ortizgas/data/milabench/venv/torch/lib/python3.10/site-packages/torch/nn/modules/module.py", line 1562, in _call_impl
[rank0]:     return forward_call(*args, **kwargs)
[rank0]:   File "/network/scratch/o/ortizgas/data/milabench/venv/torch/lib/python3.10/site-packages/torchvision/models/resnet.py", line 285, in forward
[rank0]:     return self._forward_impl(x)
[rank0]:   File "/network/scratch/o/ortizgas/data/milabench/venv/torch/lib/python3.10/site-packages/torchvision/models/resnet.py", line 275, in _forward_impl
[rank0]:     x = self.layer3(x)
[rank0]:   File "/network/scratch/o/ortizgas/data/milabench/venv/torch/lib/python3.10/site-packages/torch/nn/modules/module.py", line 1553, in _wrapped_call_impl
[rank0]:     return self._call_impl(*args, **kwargs)
[rank0]:   File "/network/scratch/o/ortizgas/data/milabench/venv/torch/lib/python3.10/site-packages/torch/nn/modules/module.py", line 1562, in _call_impl
[rank0]:     return forward_call(*args, **kwargs)
[rank0]:   File "/network/scratch/o/ortizgas/data/milabench/venv/torch/lib/python3.10/site-packages/torch/nn/modules/container.py", line 219, in forward
[rank0]:     input = module(input)
[rank0]:   File "/network/scratch/o/ortizgas/data/milabench/venv/torch/lib/python3.10/site-packages/torch/nn/modules/module.py", line 1553, in _wrapped_call_impl
[rank0]:     return self._call_impl(*args, **kwargs)
[rank0]:   File "/network/scratch/o/ortizgas/data/milabench/venv/torch/lib/python3.10/site-packages/torch/nn/modules/module.py", line 1562, in _call_impl
[rank0]:     return forward_call(*args, **kwargs)
[rank0]:   File "/network/scratch/o/ortizgas/data/milabench/venv/torch/lib/python3.10/site-packages/torchvision/models/resnet.py", line 155, in forward
[rank0]:     out = self.bn3(out)
[rank0]:   File "/network/scratch/o/ortizgas/data/milabench/venv/torch/lib/python3.10/site-packages/torch/nn/modules/module.py", line 1553, in _wrapped_call_impl
[rank0]:     return self._call_impl(*args, **kwargs)
[rank0]:   File "/network/scratch/o/ortizgas/data/milabench/venv/torch/lib/python3.10/site-packages/torch/nn/modules/module.py", line 1562, in _call_impl
[rank0]:     return forward_call(*args, **kwargs)
[rank0]:   File "/network/scratch/o/ortizgas/data/milabench/venv/torch/lib/python3.10/site-packages/torch/nn/modules/batchnorm.py", line 176, in forward
[rank0]:     return F.batch_norm(
[rank0]:   File "/network/scratch/o/ortizgas/data/milabench/venv/torch/lib/python3.10/site-packages/torch/nn/functional.py", line 2512, in batch_norm
[rank0]:     return torch.batch_norm(
[rank0]: torch.OutOfMemoryError: CUDA out of memory. Tried to allocate 148.00 MiB. GPU 0 has a total capacity of 31.74 GiB of which 99.38 MiB is free. Including non-PyTorch memory, this process has 31.63 GiB memory in use. Of the allocated memory 31.01 GiB is allocated by PyTorch, and 141.64 MiB is reserved by PyTorch but unallocated. If reserved but unallocated memory is large try setting PYTORCH_CUDA_ALLOC_CONF=expandable_segments:True to avoid fragmentation.  See documentation for Memory Management  (https://pytorch.org/docs/stable/notes/cuda.html#environment-variables)
W1212 19:27:01.284337 139660242756736 torch/distributed/elastic/multiprocessing/api.py:858] Sending process 1275436 closing signal SIGTERM
W1212 19:27:01.286259 139660242756736 torch/distributed/elastic/multiprocessing/api.py:858] Sending process 1275436 closing signal SIGTERM
Traceback (most recent call last):
  File "/network/scratch/o/ortizgas/data/milabench/venv/torch/lib/python3.10/site-packages/torch/distributed/elastic/agent/server/api.py", line 680, in run
    result = self._invoke_run(role)
  File "/network/scratch/o/ortizgas/data/milabench/venv/torch/lib/python3.10/site-packages/torch/distributed/elastic/agent/server/api.py", line 836, in _invoke_run
    run_result = self._monitor_workers(self._worker_group)
  File "/network/scratch/o/ortizgas/data/milabench/venv/torch/lib/python3.10/site-packages/torch/distributed/elastic/metrics/api.py", line 124, in wrapper
    result = f(*args, **kwargs)
  File "/network/scratch/o/ortizgas/data/milabench/venv/torch/lib/python3.10/site-packages/torch/distributed/elastic/agent/server/local_elastic_agent.py", line 367, in _monitor_workers
    result = self._pcontext.wait(0)
  File "/network/scratch/o/ortizgas/data/milabench/venv/torch/lib/python3.10/site-packages/torch/distributed/elastic/multiprocessing/api.py", line 503, in wait
    return self._poll()
  File "/network/scratch/o/ortizgas/data/milabench/venv/torch/lib/python3.10/site-packages/torch/distributed/elastic/multiprocessing/api.py", line 825, in _poll
    self.close()  # terminate all running procs
  File "/network/scratch/o/ortizgas/data/milabench/venv/torch/lib/python3.10/site-packages/torch/distributed/elastic/multiprocessing/api.py", line 544, in close
    self._close(death_sig=death_sig, timeout=timeout)
  File "/network/scratch/o/ortizgas/data/milabench/venv/torch/lib/python3.10/site-packages/torch/distributed/elastic/multiprocessing/api.py", line 861, in _close
    handler.close(death_sig=death_sig)
  File "/network/scratch/o/ortizgas/data/milabench/venv/torch/lib/python3.10/site-packages/torch/distributed/elastic/multiprocessing/subprocess_handler/subprocess_handler.py", line 74, in close
    os.killpg(self.proc.pid, death_sig)
ProcessLookupError: [Errno 3] No such process

During handling of the above exception, another exception occurred:

Traceback (most recent call last):
  File "/network/scratch/o/ortizgas/data/milabench/venv/torch/bin/benchrun", line 8, in <module>
    sys.exit(main())
  File "/home/mila/o/ortizgas/CODE/milabench/benchmate/benchmate/benchrun.py", line 68, in main
    run(args)
  File "/home/mila/o/ortizgas/CODE/milabench/benchmate/benchmate/benchrun.py", line 63, in run
    distrun.run(args)
  File "/network/scratch/o/ortizgas/data/milabench/venv/torch/lib/python3.10/site-packages/torch/distributed/run.py", line 892, in run
    elastic_launch(
  File "/network/scratch/o/ortizgas/data/milabench/venv/torch/lib/python3.10/site-packages/torch/distributed/launcher/api.py", line 133, in __call__
    return launch_agent(self._config, self._entrypoint, list(args))
  File "/network/scratch/o/ortizgas/data/milabench/venv/torch/lib/python3.10/site-packages/torch/distributed/launcher/api.py", line 255, in launch_agent
    result = agent.run()
  File "/network/scratch/o/ortizgas/data/milabench/venv/torch/lib/python3.10/site-packages/torch/distributed/elastic/metrics/api.py", line 124, in wrapper
    result = f(*args, **kwargs)
  File "/network/scratch/o/ortizgas/data/milabench/venv/torch/lib/python3.10/site-packages/torch/distributed/elastic/agent/server/api.py", line 694, in run
    self._shutdown()
  File "/network/scratch/o/ortizgas/data/milabench/venv/torch/lib/python3.10/site-packages/torch/distributed/elastic/agent/server/local_elastic_agent.py", line 347, in _shutdown
    self._pcontext.close(death_sig)
  File "/network/scratch/o/ortizgas/data/milabench/venv/torch/lib/python3.10/site-packages/torch/distributed/elastic/multiprocessing/api.py", line 544, in close
    self._close(death_sig=death_sig, timeout=timeout)
  File "/network/scratch/o/ortizgas/data/milabench/venv/torch/lib/python3.10/site-packages/torch/distributed/elastic/multiprocessing/api.py", line 861, in _close
    handler.close(death_sig=death_sig)
  File "/network/scratch/o/ortizgas/data/milabench/venv/torch/lib/python3.10/site-packages/torch/distributed/elastic/multiprocessing/subprocess_handler/subprocess_handler.py", line 74, in close
    os.killpg(self.proc.pid, death_sig)
ProcessLookupError: [Errno 3] No such process
